\BOOKMARK [1][-]{section.1}{\376\377\000P\000r\000o\000j\000e\000k\000t\000o\000\040\000s\001\005\000l\000y\000g\000o\000s}{}% 1
\BOOKMARK [1][-]{section.2}{\376\377\000R\000e\000a\000l\000i\000o\000s\000\040\000m\000a\001\141\000i\000n\000o\000s\000\040\000m\000o\000d\000e\000l\000i\000s}{}% 2
\BOOKMARK [2][-]{subsection.2.1}{\376\377\000R\000e\000a\000l\000i\000o\000s\000\040\000m\000a\001\141\000i\000n\000o\000s\000\040\000b\000r\001\027\001\176\000i\000n\000y\000s}{section.2}% 3
\BOOKMARK [2][-]{subsection.2.2}{\376\377\000R\000e\000a\000l\000i\000o\000s\000\040\000m\000a\001\141\000i\000n\000o\000s\000\040\000r\000e\000g\000i\000s\000t\000r\000a\000i}{section.2}% 4
\BOOKMARK [2][-]{subsection.2.3}{\376\377\000T\000a\000i\000m\000e\000r\000i\000o\000\040\000m\000e\000c\000h\000a\000n\000i\000z\000m\000a\000s}{section.2}% 5
\BOOKMARK [2][-]{subsection.2.4}{\376\377\000S\000u\000p\000e\000r\000v\000i\000z\000o\000r\000i\000n\000i\000a\000i\000\040\000p\000e\000r\000t\000r\000a\000u\000k\000i\000m\000a\000i}{section.2}% 6
\BOOKMARK [2][-]{subsection.2.5}{\376\377\000P\000r\000o\000g\000r\000a\000m\000i\000n\000i\000a\000i\000\040\000p\000e\000r\000t\000r\000a\000u\000k\000i\000m\000a\000i}{section.2}% 7
\BOOKMARK [2][-]{subsection.2.6}{\376\377\000R\000e\000a\000l\000i\000o\000s\000\040\000m\000a\001\141\000i\000n\000o\000s\000\040\000r\001\027\001\176\000i\000m\000a\000i}{section.2}% 8
\BOOKMARK [2][-]{subsection.2.7}{\376\377\000P\000u\000s\000l\000a\000p\000i\001\163\000\040\000t\000r\000a\000n\000s\000l\000i\000a\000c\000i\000j\000a}{section.2}% 9
\BOOKMARK [2][-]{subsection.2.8}{\376\377\001\056\000v\000e\000d\000i\000m\000a\000s\000\040\000i\000r\000\040\000i\001\141\000v\000e\000d\000i\000m\000a\000s}{section.2}% 10
\BOOKMARK [2][-]{subsection.2.9}{\376\377\000A\000t\000m\000i\000n\000t\000i\000e\000s\000\040\001\057\000r\000e\000n\000g\000i\000n\000i\000a\000i}{section.2}% 11
\BOOKMARK [2][-]{subsection.2.10}{\376\377\000I\001\141\000o\000r\000i\000n\001\027\000\040\000a\000t\000m\000i\000n\000t\000i\000s}{section.2}% 12
\BOOKMARK [1][-]{section.3}{\376\377\000V\000i\000r\000t\000u\000a\000l\000i\000o\000s\000\040\000m\000a\001\141\000i\000n\000o\000s\000\040\000m\000o\000d\000e\000l\000i\000s}{}% 13
\BOOKMARK [2][-]{subsection.3.1}{\376\377\000V\000i\000r\000t\000u\000a\000l\000i\000o\000s\000\040\000m\000a\001\141\000i\000n\000o\000s\000\040\000s\000c\000h\000e\000m\000a}{section.3}% 14
\BOOKMARK [2][-]{subsection.3.2}{\376\377\000V\000i\000r\000t\000u\000a\000l\000i\000o\000s\000\040\000m\000a\001\141\000i\000n\000o\000s\000\040\000s\000a\000m\000p\000r\000a\000t\000a}{section.3}% 15
\BOOKMARK [2][-]{subsection.3.3}{\376\377\000V\000i\000r\000t\000u\000a\000l\000i\000o\000s\000\040\000m\000a\001\141\000i\000n\000o\000s\000\040\000l\000o\000g\000i\000n\000i\000a\000i\000\040\000k\000o\000m\000p\000o\000n\000e\000n\000t\000a\000i}{section.3}% 16
\BOOKMARK [3][-]{subsubsection.3.3.1}{\376\377\000V\000i\000r\000t\000u\000a\000l\000i\000o\000s\000\040\000m\000a\001\141\000i\000n\000o\000s\000\040\000a\000t\000m\000i\000n\000t\000i\000s}{subsection.3.3}% 17
\BOOKMARK [3][-]{subsubsection.3.3.2}{\376\377\000V\000i\000r\000t\000u\000a\000l\000i\000o\000s\000\040\000m\000a\001\141\000i\000n\000o\000s\000\040\000p\000r\000o\000c\000e\000s\000o\000r\000i\000u\000s}{subsection.3.3}% 18
\BOOKMARK [3][-]{subsubsection.3.3.3}{\376\377\000V\000i\000r\000t\000u\000a\000l\000i\000o\000s\000\040\000m\000a\001\141\000i\000n\000o\000s\000\040\000k\000o\000m\000a\000n\000d\001\163\000\040\000s\000i\000s\000t\000e\000m\000a}{subsection.3.3}% 19
\BOOKMARK [1][-]{section.4}{\376\377\000P\000r\000o\000g\000r\000a\000m\000o\000s\000\040\000p\000a\000v\000y\000z\000d\000y\000s}{}% 20
\BOOKMARK [1][-]{section.5}{\376\377\000P\000r\000o\000c\000e\000s\000a\000i\000\040\000i\000r\000\040\000j\001\163\000\040\000p\000r\000i\000m\000i\000t\000y\000v\000a\000i}{}% 21
\BOOKMARK [2][-]{subsection.5.1}{\376\377\000P\000r\000o\000c\000e\000s\001\163\000\040\000b\001\153\000s\000e\000n\000o\000s}{section.5}% 22
\BOOKMARK [2][-]{subsection.5.2}{\376\377\000B\001\153\000s\000e\000n\001\163\000\040\000s\001\005\000r\000y\001\141\000i\000a\000i}{section.5}% 23
\BOOKMARK [2][-]{subsection.5.3}{\376\377\000P\000r\000o\000c\000e\000s\000o\000\040\000d\000e\000s\000k\000r\000i\000p\000t\000o\000r\000i\000u\000s}{section.5}% 24
\BOOKMARK [2][-]{subsection.5.4}{\376\377\000P\000r\000o\000c\000e\000s\001\163\000\040\000s\001\005\000r\000a\001\141\000a\000i}{section.5}% 25
\BOOKMARK [2][-]{subsection.5.5}{\376\377\000P\000r\000i\000o\000r\000i\000t\000e\000t\001\163\000\040\000s\000u\000d\000a\000r\000y\000m\000o\000\040\000t\000v\000a\000r\000k\000a}{section.5}% 26
\BOOKMARK [2][-]{subsection.5.6}{\376\377\000S\000i\000s\000t\000e\000m\000i\000n\000i\000a\000i\000\040\000p\000r\000o\000c\000e\000s\000a\000i}{section.5}% 27
\BOOKMARK [2][-]{subsection.5.7}{\376\377\000P\000r\000o\000c\000e\000s\001\163\000\040\000p\000l\000a\000n\000u\000o\000t\000o\000j\000a\000s\000\040\000\050\000J\000o\000b\000\137\000G\000o\000v\000e\000r\000n\000o\000r\000\051}{section.5}% 28
\BOOKMARK [2][-]{subsection.5.8}{\376\377\000P\000r\000o\000c\000e\000s\001\163\000\040\000p\000l\000a\000n\000u\000o\000t\000o\000j\000o\000\040\000p\000r\000i\000m\000i\000t\000y\000v\000a\000i}{section.5}% 29
\BOOKMARK [1][-]{section.6}{\376\377\000R\000e\000s\000u\000r\000s\000a\000i}{}% 30
\BOOKMARK [2][-]{subsection.6.1}{\376\377\000R\000e\000s\000u\000r\000s\001\163\000\040\000d\000e\000s\000k\000r\000i\000p\000t\000o\000r\000i\000u\000s}{section.6}% 31
\BOOKMARK [2][-]{subsection.6.2}{\376\377\000R\000e\000s\000u\000r\000s\001\163\000\040\000t\000i\000p\000a\000i\000\040\000i\000r\000\040\000m\000a\000g\000i\000c\000\040\000n\000u\000m\000b\000e\000r}{section.6}% 32
\BOOKMARK [2][-]{subsection.6.3}{\376\377\000R\000e\000s\000u\000r\000s\001\163\000\040\000p\000a\000s\000k\000i\000r\000s\000t\000y\000t\000o\000j\000a\000s}{section.6}% 33
\BOOKMARK [2][-]{subsection.6.4}{\376\377\000R\000e\000s\000u\000r\000s\001\163\000\040\000p\000r\000i\000m\000i\000t\000y\000v\000a\000i}{section.6}% 34
